#
# There is insufficient memory for the Java Runtime Environment to continue.
# Native memory allocation (malloc) failed to allocate 1271104 bytes for Chunk::new
# Possible reasons:
#   The system is out of physical RAM or swap space
#   In 32 bit mode, the process size limit was hit
# Possible solutions:
#   Reduce memory load on the system
#   Increase physical memory or swap space
#   Check if swap backing store is full
#   Use 64 bit Java on a 64 bit OS
#   Decrease Java heap size (-Xmx/-Xms)
#   Decrease number of Java threads
#   Decrease Java thread stack sizes (-Xss)
#   Set larger code cache with -XX:ReservedCodeCacheSize=
# This output file may be truncated or incomplete.
#
#  Out of Memory Error (allocation.cpp:390), pid=328, tid=0x00000000000021dc
#
# JRE version: OpenJDK Runtime Environment (8.0_76-b03) (build 1.8.0_76-release-b03)
# Java VM: OpenJDK 64-Bit Server VM (25.76-b03 mixed mode windows-amd64 compressed oops)
# Failed to write core dump. Minidumps are not enabled by default on client versions of Windows
#

---------------  T H R E A D  ---------------

Current thread (0x000000001664b000):  JavaThread "C2 CompilerThread0" daemon [_thread_in_native, id=8668, stack(0x0000000017ca0000,0x0000000017da0000)]

Stack: [0x0000000017ca0000,0x0000000017da0000]
[error occurred during error reporting (printing stack bounds), id 0xc0000005]

Native frames: (J=compiled Java code, j=interpreted, Vv=VM code, C=native code)


Current CompileTask:
C2: 945129 14629   !   4       org.gradle.api.internal.AbstractClassGenerator::generateUnderLock (1055 bytes)


---------------  P R O C E S S  ---------------

Java Threads: ( => current thread )
  0x000000001d437800 JavaThread "Stdin handler" [_thread_blocked, id=3616, stack(0x0000000025c60000,0x0000000025d60000)]
  0x000000001d436800 JavaThread "Asynchronous log dispatcher for org.gradle.launcher.daemon.server.DefaultDaemonConnection@39064e43" [_thread_blocked, id=2564, stack(0x0000000025b60000,0x0000000025c60000)]
  0x000000001d433000 JavaThread "Cancel handler" [_thread_blocked, id=10952, stack(0x0000000025a60000,0x0000000025b60000)]
  0x000000001d436000 JavaThread "Handler for socket connection from /127.0.0.1:60654 to /127.0.0.1:61890" [_thread_in_native, id=15948, stack(0x0000000025960000,0x0000000025a60000)]
  0x000000001d434800 JavaThread "Daemon worker Thread 3" [_thread_in_native, id=7880, stack(0x0000000024f60000,0x0000000025060000)]
  0x000000001d435000 JavaThread "Daemon Thread 3" [_thread_blocked, id=14912, stack(0x0000000024c60000,0x0000000024d60000)]
  0x000000001d431800 JavaThread "pool-4-thread-4" [_thread_blocked, id=12612, stack(0x0000000024660000,0x0000000024760000)]
  0x000000001d438000 JavaThread "pool-4-thread-3" [_thread_blocked, id=11436, stack(0x0000000024060000,0x0000000024160000)]
  0x000000001888b000 JavaThread "pool-4-thread-2" [_thread_blocked, id=3792, stack(0x0000000023660000,0x0000000023760000)]
  0x0000000018888000 JavaThread "pool-4-thread-1" [_thread_blocked, id=2056, stack(0x0000000022d60000,0x0000000022e60000)]
  0x0000000018888800 JavaThread "File lock request listener" [_thread_in_native, id=11984, stack(0x000000001c6f0000,0x000000001c7f0000)]
  0x0000000019754000 JavaThread "pool-1-thread-1" [_thread_blocked, id=15276, stack(0x000000001a820000,0x000000001a920000)]
  0x0000000018884800 JavaThread "Incoming local TCP Connector on port 60654" [_thread_in_native, id=7508, stack(0x0000000018da0000,0x0000000018ea0000)]
  0x0000000017fc8800 JavaThread "Service Thread" daemon [_thread_blocked, id=1768, stack(0x00000000183a0000,0x00000000184a0000)]
  0x0000000016670000 JavaThread "C1 CompilerThread2" daemon [_thread_blocked, id=12240, stack(0x0000000017ea0000,0x0000000017fa0000)]
  0x000000001664d800 JavaThread "C2 CompilerThread1" daemon [_thread_blocked, id=2292, stack(0x0000000017da0000,0x0000000017ea0000)]
=>0x000000001664b000 JavaThread "C2 CompilerThread0" daemon [_thread_in_native, id=8668, stack(0x0000000017ca0000,0x0000000017da0000)]
  0x000000001664a800 JavaThread "Attach Listener" daemon [_thread_blocked, id=3272, stack(0x0000000017ba0000,0x0000000017ca0000)]
  0x0000000016656800 JavaThread "Signal Dispatcher" daemon [_thread_blocked, id=12620, stack(0x0000000017aa0000,0x0000000017ba0000)]
  0x0000000016638800 JavaThread "Finalizer" daemon [_thread_blocked, id=6288, stack(0x00000000178b0000,0x00000000179b0000)]
  0x0000000002cd2000 JavaThread "Reference Handler" daemon [_thread_blocked, id=3696, stack(0x00000000177b0000,0x00000000178b0000)]
  0x0000000002be0800 JavaThread "main" [_thread_blocked, id=8152, stack(0x0000000002ae0000,0x0000000002be0000)]

Other Threads:
  0x0000000016615800 VMThread [stack: 0x00000000176b0000,0x00000000177b0000] [id=10364]
  0x0000000017fed800 WatcherThread [stack: 0x00000000184a0000,0x00000000185a0000] [id=14172]

VM state:not at safepoint (normal execution)

VM Mutex/Monitor currently owned by a thread: None

Heap:
 PSYoungGen      total 314880K, used 149352K [0x00000000e0000000, 0x00000000f5800000, 0x0000000100000000)
  eden space 288768K, 51% used [0x00000000e0000000,0x00000000e91da3c0,0x00000000f1a00000)
  from space 26112K, 0% used [0x00000000f3e80000,0x00000000f3e80000,0x00000000f5800000)
  to   space 512K, 0% used [0x00000000f2f80000,0x00000000f2f80000,0x00000000f3000000)
 ParOldGen       total 143872K, used 35778K [0x00000000a0000000, 0x00000000a8c80000, 0x00000000e0000000)
  object space 143872K, 24% used [0x00000000a0000000,0x00000000a22f0ad0,0x00000000a8c80000)
 Metaspace       used 65212K, capacity 67706K, committed 67888K, reserved 1107968K
  class space    used 8212K, capacity 8647K, committed 8752K, reserved 1048576K

Card table byte_map: [0x00000000120a0000,0x00000000123b0000] byte_map_base: 0x0000000011ba0000

Marking Bits: (ParMarkBitMap*) 0x00000000757c9d00
 Begin Bits: [0x00000000129b0000, 0x00000000141b0000)
 End Bits:   [0x00000000141b0000, 0x00000000159b0000)

Polling page: 0x00000000012f0000

CodeCache: size=245760Kb used=43977Kb max_used=43989Kb free=201782Kb
 bounds [0x0000000002ce0000, 0x0000000005810000, 0x0000000011ce0000]
 total_blobs=13046 nmethods=12300 adapters=658
 compilation: enabled

Compilation events (10 events):
Event: 944.598 Thread 0x0000000016670000 14844       3       org.gradle.execution.taskgraph.TaskInfo::allDependenciesComplete (50 bytes)
Event: 944.600 Thread 0x0000000016670000 nmethod 14844 0x0000000005805610 code [0x0000000005805920, 0x0000000005806fb8]
Event: 944.600 Thread 0x0000000016670000 14846       3       org.gradle.execution.taskgraph.TaskInfo::allDependenciesSuccessful (41 bytes)
Event: 944.600 Thread 0x0000000016670000 nmethod 14846 0x0000000005808990 code [0x0000000005808b60, 0x0000000005809228]
Event: 944.601 Thread 0x0000000016670000 14845       3       org.gradle.execution.taskgraph.DefaultTaskExecutionPlan::canRunWithWithCurrentlyExecutedTasks (118 bytes)
Event: 944.602 Thread 0x0000000016670000 nmethod 14845 0x00000000058094d0 code [0x0000000005809760, 0x000000000580ab48]
Event: 944.602 Thread 0x0000000016670000 14847       3       org.gradle.execution.taskgraph.DefaultTaskExecutionPlan::recordTaskStarted (59 bytes)
Event: 944.603 Thread 0x0000000016670000 nmethod 14847 0x000000000580b550 code [0x000000000580b720, 0x000000000580bdd8]
Event: 944.734 Thread 0x000000001664d800 14848       4       java.util.TimSort::gallopRight (335 bytes)
Event: 944.741 Thread 0x000000001664d800 nmethod 14848 0x000000000580f190 code [0x000000000580f2e0, 0x000000000580f6f8]

GC Heap History (10 events):
Event: 586.011 GC heap before
{Heap before GC invocations=24 (full 5):
 PSYoungGen      total 289280K, used 160K [0x00000000e0000000, 0x00000000f5800000, 0x0000000100000000)
  eden space 288768K, 0% used [0x00000000e0000000,0x00000000e0000000,0x00000000f1a00000)
  from space 512K, 31% used [0x00000000f2f80000,0x00000000f2fa8000,0x00000000f3000000)
  to   space 26112K, 0% used [0x00000000f3e80000,0x00000000f3e80000,0x00000000f5800000)
 ParOldGen       total 143872K, used 48096K [0x00000000a0000000, 0x00000000a8c80000, 0x00000000e0000000)
  object space 143872K, 33% used [0x00000000a0000000,0x00000000a2ef8180,0x00000000a8c80000)
 Metaspace       used 63638K, capacity 65552K, committed 65584K, reserved 1105920K
  class space    used 8110K, capacity 8482K, committed 8496K, reserved 1048576K
Event: 586.538 GC heap after
Heap after GC invocations=24 (full 5):
 PSYoungGen      total 289280K, used 0K [0x00000000e0000000, 0x00000000f5800000, 0x0000000100000000)
  eden space 288768K, 0% used [0x00000000e0000000,0x00000000e0000000,0x00000000f1a00000)
  from space 512K, 0% used [0x00000000f2f80000,0x00000000f2f80000,0x00000000f3000000)
  to   space 26112K, 0% used [0x00000000f3e80000,0x00000000f3e80000,0x00000000f5800000)
 ParOldGen       total 143872K, used 35286K [0x00000000a0000000, 0x00000000a8c80000, 0x00000000e0000000)
  object space 143872K, 24% used [0x00000000a0000000,0x00000000a2275af8,0x00000000a8c80000)
 Metaspace       used 63638K, capacity 65552K, committed 65584K, reserved 1105920K
  class space    used 8110K, capacity 8482K, committed 8496K, reserved 1048576K
}
Event: 892.385 GC heap before
{Heap before GC invocations=25 (full 5):
 PSYoungGen      total 289280K, used 288768K [0x00000000e0000000, 0x00000000f5800000, 0x0000000100000000)
  eden space 288768K, 100% used [0x00000000e0000000,0x00000000f1a00000,0x00000000f1a00000)
  from space 512K, 0% used [0x00000000f2f80000,0x00000000f2f80000,0x00000000f3000000)
  to   space 26112K, 0% used [0x00000000f3e80000,0x00000000f3e80000,0x00000000f5800000)
 ParOldGen       total 143872K, used 35286K [0x00000000a0000000, 0x00000000a8c80000, 0x00000000e0000000)
  object space 143872K, 24% used [0x00000000a0000000,0x00000000a2275af8,0x00000000a8c80000)
 Metaspace       used 64481K, capacity 66710K, committed 66992K, reserved 1107968K
  class space    used 8163K, capacity 8565K, committed 8624K, reserved 1048576K
Event: 892.422 GC heap after
Heap after GC invocations=25 (full 5):
 PSYoungGen      total 314880K, used 5984K [0x00000000e0000000, 0x00000000f5800000, 0x0000000100000000)
  eden space 288768K, 0% used [0x00000000e0000000,0x00000000e0000000,0x00000000f1a00000)
  from space 26112K, 22% used [0x00000000f3e80000,0x00000000f4458020,0x00000000f5800000)
  to   space 512K, 0% used [0x00000000f2f80000,0x00000000f2f80000,0x00000000f3000000)
 ParOldGen       total 143872K, used 35294K [0x00000000a0000000, 0x00000000a8c80000, 0x00000000e0000000)
  object space 143872K, 24% used [0x00000000a0000000,0x00000000a2277af8,0x00000000a8c80000)
 Metaspace       used 64481K, capacity 66710K, committed 66992K, reserved 1107968K
  class space    used 8163K, capacity 8565K, committed 8624K, reserved 1048576K
}
Event: 897.675 GC heap before
{Heap before GC invocations=26 (full 5):
 PSYoungGen      total 314880K, used 294480K [0x00000000e0000000, 0x00000000f5800000, 0x0000000100000000)
  eden space 288768K, 99% used [0x00000000e0000000,0x00000000f19bc000,0x00000000f1a00000)
  from space 26112K, 22% used [0x00000000f3e80000,0x00000000f4458020,0x00000000f5800000)
  to   space 512K, 0% used [0x00000000f2f80000,0x00000000f2f80000,0x00000000f3000000)
 ParOldGen       total 143872K, used 35294K [0x00000000a0000000, 0x00000000a8c80000, 0x00000000e0000000)
  object space 143872K, 24% used [0x00000000a0000000,0x00000000a2277af8,0x00000000a8c80000)
 Metaspace       used 65037K, capacity 67404K, committed 67632K, reserved 1107968K
  class space    used 8203K, capacity 8638K, committed 8752K, reserved 1048576K
Event: 897.718 GC heap after
Heap after GC invocations=26 (full 5):
 PSYoungGen      total 289280K, used 512K [0x00000000e0000000, 0x00000000f5800000, 0x0000000100000000)
  eden space 288768K, 0% used [0x00000000e0000000,0x00000000e0000000,0x00000000f1a00000)
  from space 512K, 100% used [0x00000000f2f80000,0x00000000f3000000,0x00000000f3000000)
  to   space 26112K, 0% used [0x00000000f3e80000,0x00000000f3e80000,0x00000000f5800000)
 ParOldGen       total 143872K, used 56643K [0x00000000a0000000, 0x00000000a8c80000, 0x00000000e0000000)
  object space 143872K, 39% used [0x00000000a0000000,0x00000000a3750f38,0x00000000a8c80000)
 Metaspace       used 65037K, capacity 67404K, committed 67632K, reserved 1107968K
  class space    used 8203K, capacity 8638K, committed 8752K, reserved 1048576K
}
Event: 897.949 GC heap before
{Heap before GC invocations=27 (full 5):
 PSYoungGen      total 289280K, used 25207K [0x00000000e0000000, 0x00000000f5800000, 0x0000000100000000)
  eden space 288768K, 8% used [0x00000000e0000000,0x00000000e181ddc0,0x00000000f1a00000)
  from space 512K, 100% used [0x00000000f2f80000,0x00000000f3000000,0x00000000f3000000)
  to   space 26112K, 0% used [0x00000000f3e80000,0x00000000f3e80000,0x00000000f5800000)
 ParOldGen       total 143872K, used 56643K [0x00000000a0000000, 0x00000000a8c80000, 0x00000000e0000000)
  object space 143872K, 39% used [0x00000000a0000000,0x00000000a3750f38,0x00000000a8c80000)
 Metaspace       used 65048K, capacity 67410K, committed 67632K, reserved 1107968K
  class space    used 8204K, capacity 8639K, committed 8752K, reserved 1048576K
Event: 897.953 GC heap after
Heap after GC invocations=27 (full 5):
 PSYoungGen      total 314880K, used 263K [0x00000000e0000000, 0x00000000f5800000, 0x0000000100000000)
  eden space 288768K, 0% used [0x00000000e0000000,0x00000000e0000000,0x00000000f1a00000)
  from space 26112K, 1% used [0x00000000f3e80000,0x00000000f3ec1f38,0x00000000f5800000)
  to   space 512K, 0% used [0x00000000f2f80000,0x00000000f2f80000,0x00000000f3000000)
 ParOldGen       total 143872K, used 56861K [0x00000000a0000000, 0x00000000a8c80000, 0x00000000e0000000)
  object space 143872K, 39% used [0x00000000a0000000,0x00000000a3787540,0x00000000a8c80000)
 Metaspace       used 65048K, capacity 67410K, committed 67632K, reserved 1107968K
  class space    used 8204K, capacity 8639K, committed 8752K, reserved 1048576K
}
Event: 897.953 GC heap before
{Heap before GC invocations=28 (full 6):
 PSYoungGen      total 314880K, used 263K [0x00000000e0000000, 0x00000000f5800000, 0x0000000100000000)
  eden space 288768K, 0% used [0x00000000e0000000,0x00000000e0000000,0x00000000f1a00000)
  from space 26112K, 1% used [0x00000000f3e80000,0x00000000f3ec1f38,0x00000000f5800000)
  to   space 512K, 0% used [0x00000000f2f80000,0x00000000f2f80000,0x00000000f3000000)
 ParOldGen       total 143872K, used 56861K [0x00000000a0000000, 0x00000000a8c80000, 0x00000000e0000000)
  object space 143872K, 39% used [0x00000000a0000000,0x00000000a3787540,0x00000000a8c80000)
 Metaspace       used 65048K, capacity 67410K, committed 67632K, reserved 1107968K
  class space    used 8204K, capacity 8639K, committed 8752K, reserved 1048576K
Event: 898.367 GC heap after
Heap after GC invocations=28 (full 6):
 PSYoungGen      total 314880K, used 0K [0x00000000e0000000, 0x00000000f5800000, 0x0000000100000000)
  eden space 288768K, 0% used [0x00000000e0000000,0x00000000e0000000,0x00000000f1a00000)
  from space 26112K, 0% used [0x00000000f3e80000,0x00000000f3e80000,0x00000000f5800000)
  to   space 512K, 0% used [0x00000000f2f80000,0x00000000f2f80000,0x00000000f3000000)
 ParOldGen       total 143872K, used 35778K [0x00000000a0000000, 0x00000000a8c80000, 0x00000000e0000000)
  object space 143872K, 24% used [0x00000000a0000000,0x00000000a22f0ad0,0x00000000a8c80000)
 Metaspace       used 65048K, capacity 67410K, committed 67632K, reserved 1107968K
  class space    used 8204K, capacity 8639K, committed 8752K, reserved 1048576K
}

Deoptimization events (10 events):
Event: 896.893 Thread 0x000000001888b000 Uncommon trap: reason=predicate action=maybe_recompile pc=0x0000000005630058 method=java.util.TimSort.reverseRange([Ljava/lang/Object;II)V @ 8
Event: 897.214 Thread 0x000000001888b000 Uncommon trap: reason=class_check action=maybe_recompile pc=0x0000000003c456fc method=java.lang.AbstractStringBuilder.append(Ljava/lang/CharSequence;)Ljava/lang/AbstractStringBuilder; @ 26
Event: 897.214 Thread 0x000000001888b000 Uncommon trap: reason=class_check action=maybe_recompile pc=0x0000000003b91d24 method=java.lang.AbstractStringBuilder.append(Ljava/lang/CharSequence;II)Ljava/lang/AbstractStringBuilder; @ 18
Event: 897.760 Thread 0x000000001d434800 Uncommon trap: reason=bimorphic action=maybe_recompile pc=0x0000000003b8ee38 method=java.util.AbstractList$Itr.next()Ljava/lang/Object; @ 14
Event: 942.392 Thread 0x000000001d434800 Uncommon trap: reason=array_check action=maybe_recompile pc=0x00000000050efc80 method=java.util.ComparableTimSort.reverseRange([Ljava/lang/Object;II)V @ 20
Event: 943.125 Thread 0x000000001d434800 Uncommon trap: reason=null_check action=make_not_entrant pc=0x00000000035f76a0 method=org.gradle.api.internal.collections.CollectionFilter.filter(Ljava/lang/Object;)Ljava/lang/Object; @ 5
Event: 944.734 Thread 0x000000001d434800 Uncommon trap: reason=array_check action=maybe_recompile pc=0x00000000058041b8 method=java.util.TimSort.mergeLo(IIII)V @ 81
Event: 944.735 Thread 0x000000001d434800 Uncommon trap: reason=array_check action=maybe_recompile pc=0x00000000058041b8 method=java.util.TimSort.mergeLo(IIII)V @ 81
Event: 944.735 Thread 0x000000001d434800 Uncommon trap: reason=array_check action=maybe_recompile pc=0x00000000058041b8 method=java.util.TimSort.mergeLo(IIII)V @ 81
Event: 944.735 Thread 0x000000001d434800 Uncommon trap: reason=array_check action=maybe_recompile pc=0x00000000058041b8 method=java.util.TimSort.mergeLo(IIII)V @ 81

Internal exceptions (10 events):
Event: 943.244 Thread 0x000000001d434800 Exception <a 'sun/nio/fs/WindowsException'> (0x00000000e517ccc8) thrown at [C:\src\android\AOSP-openjdk\external\jetbrains\jdk\hotspot\src\share\vm\prims\jni.cpp, line 709]
Event: 943.244 Thread 0x000000001d434800 Exception <a 'sun/nio/fs/WindowsException'> (0x00000000e517d8e8) thrown at [C:\src\android\AOSP-openjdk\external\jetbrains\jdk\hotspot\src\share\vm\prims\jni.cpp, line 709]
Event: 943.245 Thread 0x000000001d434800 Exception <a 'sun/nio/fs/WindowsException'> (0x00000000e5180488) thrown at [C:\src\android\AOSP-openjdk\external\jetbrains\jdk\hotspot\src\share\vm\prims\jni.cpp, line 709]
Event: 943.245 Thread 0x000000001d434800 Exception <a 'sun/nio/fs/WindowsException'> (0x00000000e51810e0) thrown at [C:\src\android\AOSP-openjdk\external\jetbrains\jdk\hotspot\src\share\vm\prims\jni.cpp, line 709]
Event: 943.245 Thread 0x000000001d434800 Exception <a 'sun/nio/fs/WindowsException'> (0x00000000e5182d70) thrown at [C:\src\android\AOSP-openjdk\external\jetbrains\jdk\hotspot\src\share\vm\prims\jni.cpp, line 709]
Event: 943.246 Thread 0x000000001d434800 Exception <a 'sun/nio/fs/WindowsException'> (0x00000000e5183a08) thrown at [C:\src\android\AOSP-openjdk\external\jetbrains\jdk\hotspot\src\share\vm\prims\jni.cpp, line 709]
Event: 943.248 Thread 0x000000001d434800 Exception <a 'sun/nio/fs/WindowsException'> (0x00000000e5186e18) thrown at [C:\src\android\AOSP-openjdk\external\jetbrains\jdk\hotspot\src\share\vm\prims\jni.cpp, line 709]
Event: 943.248 Thread 0x000000001d434800 Exception <a 'sun/nio/fs/WindowsException'> (0x00000000e5187930) thrown at [C:\src\android\AOSP-openjdk\external\jetbrains\jdk\hotspot\src\share\vm\prims\jni.cpp, line 709]
Event: 943.249 Thread 0x000000001d434800 Exception <a 'sun/nio/fs/WindowsException'> (0x00000000e5189480) thrown at [C:\src\android\AOSP-openjdk\external\jetbrains\jdk\hotspot\src\share\vm\prims\jni.cpp, line 709]
Event: 943.249 Thread 0x000000001d434800 Exception <a 'sun/nio/fs/WindowsException'> (0x00000000e5189fd8) thrown at [C:\src\android\AOSP-openjdk\external\jetbrains\jdk\hotspot\src\share\vm\prims\jni.cpp, line 709]

Events (10 events):
Event: 944.734 Thread 0x000000001d434800 DEOPT UNPACKING pc=0x0000000002d2556a sp=0x000000002505c7d8 mode 2
Event: 944.735 Thread 0x000000001d434800 Uncommon trap: trap_request=0xffffffd6 fr.pc=0x00000000058041b8
Event: 944.735 Thread 0x000000001d434800 DEOPT PACKING pc=0x00000000058041b8 sp=0x000000002505c7f0
Event: 944.735 Thread 0x000000001d434800 DEOPT UNPACKING pc=0x0000000002d2556a sp=0x000000002505c7d8 mode 2
Event: 944.735 Thread 0x000000001d434800 Uncommon trap: trap_request=0xffffffd6 fr.pc=0x00000000058041b8
Event: 944.735 Thread 0x000000001d434800 DEOPT PACKING pc=0x00000000058041b8 sp=0x000000002505c7f0
Event: 944.735 Thread 0x000000001d434800 DEOPT UNPACKING pc=0x0000000002d2556a sp=0x000000002505c7d8 mode 2
Event: 944.735 Thread 0x000000001d434800 Uncommon trap: trap_request=0xffffffd6 fr.pc=0x00000000058041b8
Event: 944.735 Thread 0x000000001d434800 DEOPT PACKING pc=0x00000000058041b8 sp=0x000000002505c7f0
Event: 944.735 Thread 0x000000001d434800 DEOPT UNPACKING pc=0x0000000002d2556a sp=0x000000002505c7d8 mode 2


Dynamic libraries:
0x00007ff7dfbb0000 - 0x00007ff7dfbe1000 	C:\Program Files\Android\Android Studio\jre\bin\java.exe
0x00007ff972ca0000 - 0x00007ff972e71000 	C:\WINDOWS\SYSTEM32\ntdll.dll
0x00007ff9707c0000 - 0x00007ff97086b000 	C:\WINDOWS\System32\KERNEL32.DLL
0x00007ff96f4c0000 - 0x00007ff96f6dd000 	C:\WINDOWS\System32\KERNELBASE.dll
0x00007ff96d6b0000 - 0x00007ff96d72a000 	C:\WINDOWS\system32\apphelp.dll
0x00007ff970bb0000 - 0x00007ff970c52000 	C:\WINDOWS\System32\ADVAPI32.dll
0x00007ff971470000 - 0x00007ff97150e000 	C:\WINDOWS\System32\msvcrt.dll
0x00007ff9706a0000 - 0x00007ff9706f9000 	C:\WINDOWS\System32\sechost.dll
0x00007ff970c60000 - 0x00007ff970d81000 	C:\WINDOWS\System32\RPCRT4.dll
0x00007ff970500000 - 0x00007ff970665000 	C:\WINDOWS\System32\USER32.dll
0x00007ff96f6e0000 - 0x00007ff96f6fe000 	C:\WINDOWS\System32\win32u.dll
0x00007ff970e00000 - 0x00007ff970e34000 	C:\WINDOWS\System32\GDI32.dll
0x00007ff96f290000 - 0x00007ff96f412000 	C:\WINDOWS\System32\gdi32full.dll
0x00007ff9584c0000 - 0x00007ff958739000 	C:\WINDOWS\WinSxS\amd64_microsoft.windows.common-controls_6595b64144ccf1df_6.0.14393.447_none_42191651c6827bb3\COMCTL32.dll
0x00007ff970230000 - 0x00007ff9704f7000 	C:\WINDOWS\System32\combase.dll
0x00007ff96f770000 - 0x00007ff96f865000 	C:\WINDOWS\System32\ucrtbase.dll
0x00007ff96f700000 - 0x00007ff96f76a000 	C:\WINDOWS\System32\bcryptPrimitives.dll
0x00007ff970670000 - 0x00007ff97069e000 	C:\WINDOWS\System32\IMM32.DLL
0x0000000074e20000 - 0x0000000074ef2000 	C:\Program Files\Android\Android Studio\jre\jre\bin\msvcr100.dll
0x0000000075010000 - 0x0000000075844000 	C:\Program Files\Android\Android Studio\jre\jre\bin\server\jvm.dll
0x00007ff972b30000 - 0x00007ff972b38000 	C:\WINDOWS\System32\PSAPI.DLL
0x00007ff961450000 - 0x00007ff961459000 	C:\WINDOWS\SYSTEM32\WSOCK32.dll
0x00007ff970d90000 - 0x00007ff970dfa000 	C:\WINDOWS\System32\WS2_32.dll
0x00007ff968660000 - 0x00007ff96866a000 	C:\WINDOWS\SYSTEM32\VERSION.dll
0x00007ff96d590000 - 0x00007ff96d5b3000 	C:\WINDOWS\SYSTEM32\WINMM.dll
0x00007ff96d560000 - 0x00007ff96d58b000 	C:\WINDOWS\SYSTEM32\WINMMBASE.dll
0x00007ff96f190000 - 0x00007ff96f1d2000 	C:\WINDOWS\System32\cfgmgr32.dll
0x00007ff967950000 - 0x00007ff96795f000 	C:\Program Files\Android\Android Studio\jre\jre\bin\verify.dll
0x00007ff965930000 - 0x00007ff965959000 	C:\Program Files\Android\Android Studio\jre\jre\bin\java.dll
0x00007ff967430000 - 0x00007ff967446000 	C:\Program Files\Android\Android Studio\jre\jre\bin\zip.dll
0x00007ff971620000 - 0x00007ff972b29000 	C:\WINDOWS\System32\SHELL32.dll
0x00007ff96fa40000 - 0x00007ff97011a000 	C:\WINDOWS\System32\windows.storage.dll
0x00007ff96f100000 - 0x00007ff96f14c000 	C:\WINDOWS\System32\powrprof.dll
0x00007ff972c40000 - 0x00007ff972c92000 	C:\WINDOWS\System32\shlwapi.dll
0x00007ff96f150000 - 0x00007ff96f15f000 	C:\WINDOWS\System32\kernel.appcore.dll
0x00007ff96f1e0000 - 0x00007ff96f289000 	C:\WINDOWS\System32\shcore.dll
0x00007ff96f160000 - 0x00007ff96f174000 	C:\WINDOWS\System32\profapi.dll
0x00007ff965780000 - 0x00007ff96579a000 	C:\Program Files\Android\Android Studio\jre\jre\bin\net.dll
0x00007ff96e880000 - 0x00007ff96e8dc000 	C:\WINDOWS\system32\mswsock.dll
0x00007ff95c450000 - 0x00007ff95c461000 	C:\Program Files\Android\Android Studio\jre\jre\bin\nio.dll
0x00007ff956f40000 - 0x00007ff956f52000 	C:\Users\marko\.gradle\native\19\windows-amd64\native-platform.dll
0x00007ff96eb70000 - 0x00007ff96eb87000 	C:\WINDOWS\SYSTEM32\CRYPTSP.dll
0x00007ff96ea80000 - 0x00007ff96eab3000 	C:\WINDOWS\system32\rsaenh.dll
0x00007ff96f040000 - 0x00007ff96f06b000 	C:\WINDOWS\SYSTEM32\bcrypt.dll
0x00007ff96e700000 - 0x00007ff96e71f000 	C:\WINDOWS\SYSTEM32\USERENV.dll
0x00007ff96eb90000 - 0x00007ff96eb9b000 	C:\WINDOWS\SYSTEM32\CRYPTBASE.dll
0x00007ff96e610000 - 0x00007ff96e648000 	C:\WINDOWS\SYSTEM32\IPHLPAPI.DLL
0x00007ff971610000 - 0x00007ff971618000 	C:\WINDOWS\System32\NSI.dll
0x00007ff96a7b0000 - 0x00007ff96a7c6000 	C:\WINDOWS\SYSTEM32\dhcpcsvc6.DLL
0x00007ff9695e0000 - 0x00007ff9695fa000 	C:\WINDOWS\SYSTEM32\dhcpcsvc.DLL
0x00007ff967900000 - 0x00007ff96790d000 	C:\Program Files\Android\Android Studio\jre\jre\bin\management.dll
0x00007ff9581a0000 - 0x00007ff9581c4000 	C:\Program Files\Android\Android Studio\jre\jre\bin\sunec.dll
0x00007ff967990000 - 0x00007ff96799b000 	C:\Program Files\Android\Android Studio\jre\jre\bin\sunmscapi.dll
0x00007ff96f870000 - 0x00007ff96fa39000 	C:\WINDOWS\System32\CRYPT32.dll
0x00007ff96f180000 - 0x00007ff96f190000 	C:\WINDOWS\System32\MSASN1.dll

VM Arguments:
jvm_args: -Xmx1536m -Dfile.encoding=windows-1250 -Duser.country=US -Duser.language=en -Duser.variant 
java_command: org.gradle.launcher.daemon.bootstrap.GradleDaemon 2.14.1
java_class_path (initial): C:\Program Files\Android\Android Studio\gradle\gradle-2.14.1\lib\gradle-launcher-2.14.1.jar
Launcher Type: SUN_STANDARD

Environment Variables:
JAVA_HOME=C:\Program Files\Java\jdk1.8.0_102
PATH=C:\ProgramData\Oracle\Java\javapath;C:\Windows\system32;C:\Windows;C:\Windows\System32\Wbem;C:\Windows\System32\WindowsPowerShell\v1.0\;C:\Users\marko\.dnx\bin;C:\Program Files\Microsoft DNX\Dnvm\;C:\Program Files (x86)\NVIDIA Corporation\PhysX\Common;C:\WINDOWS\system32;C:\WINDOWS;C:\WINDOWS\System32\Wbem;C:\WINDOWS\System32\WindowsPowerShell\v1.0\;C:\Program Files (x86)\Skype\Phone\;C:\xampp\php;C:\Program Files (x86)\Windows Live\Shared;C:\Program Files\Git\cmd;C:\Program Files (x86)\GNU\GnuPG\pub;C:\Program Files (x86)\Microsoft VS Code\bin;C:\Users\marko\AppData\Local\Microsoft\WindowsApps
USERNAME=marko
OS=Windows_NT
PROCESSOR_IDENTIFIER=Intel64 Family 6 Model 58 Stepping 9, GenuineIntel



---------------  S Y S T E M  ---------------

OS: Windows 10.0 , 64 bit Build 14393 (10.0.14393.0)

CPU:total 4 (2 cores per cpu, 2 threads per core) family 6 model 58 stepping 9, cmov, cx8, fxsr, mmx, sse, sse2, sse3, ssse3, sse4.1, sse4.2, popcnt, avx, aes, clmul, erms, ht, tsc, tscinvbit, tscinv

Memory: 4k page, physical 8271496k(769252k free), swap 10368648k(5348k free)

vm_info: OpenJDK 64-Bit Server VM (25.76-b03) for windows-amd64 JRE (1.8.0_76-release-b03), built on Jun 29 2016 19:09:20 by "ralucas" with MS VC++ 10.0 (VS2010)

time: Sun Nov 13 15:36:09 2016
elapsed time: 944 seconds (0d 0h 15m 44s)

